<?xml version="1.0" encoding="UTF-8" ?>
<testsuite tests="4" failures="0" name="telalogin.AutenticarTest" time="0" errors="0" skipped="0">
  <properties>
[...]
</properties>
  <testcase classname="telalogin.AutenticarTest" name="telalogin.AutenticarTest.testeUsuarioESenhaCorreto" time="0"/>
  <testcase classname="telalogin.AutenticarTest" name="telalogin.AutenticarTest.testeUsuarioIncorreto" time="0"/>
  <testcase classname="telalogin.AutenticarTest" name="telalogin.AutenticarTest.testeSenhaIncorreto" time="0"/>
  <testcase classname="telalogin.AutenticarTest" name="telalogin.AutenticarTest.testeUsuarioESenhaIncorreto" time="0"/>
</testsuite>